生成启动时间为 2021/4/15 23:36:43。
     1>项目“C:\Users\30885\documents\visual studio 2013\Projects\PrepareForDictionary\PrepareForDictionary\PrepareForDictionary.vcxproj”在节点 2 上(Build 个目标)。
     1>C:\Program Files (x86)\MSBuild\Microsoft.Cpp\v4.0\V120\Microsoft.CppBuild.targets(935,5): warning MSB8027: Two or more files with the name of moc_onewindow.cpp will produce outputs to the same location. This can lead to an incorrect build result.  The files involved are GeneratedFiles\Debug\moc_onewindow.cpp, GeneratedFiles\Release\moc_onewindow.cpp.
     1>C:\Program Files (x86)\MSBuild\Microsoft.Cpp\v4.0\V120\Microsoft.CppBuild.targets(935,5): warning MSB8027: Two or more files with the name of moc_preparefordictionary.cpp will produce outputs to the same location. This can lead to an incorrect build result.  The files involved are GeneratedFiles\Debug\moc_preparefordictionary.cpp, GeneratedFiles\Release\moc_preparefordictionary.cpp.
     1>ClCompile:
         D:\software\visual studio\download\install\VC\bin\CL.exe /c /I.\GeneratedFiles /I. /ID:\software\my_qt\anzhuang\5.5\msvc2013\include /I.\GeneratedFiles\Debug /ID:\software\my_qt\anzhuang\5.5\msvc2013\include\QtCore /ID:\software\my_qt\anzhuang\5.5\msvc2013\include\QtGui /ID:\software\my_qt\anzhuang\5.5\msvc2013\include\QtWidgets /Zi /nologo /W1 /WX- /Od /Oy- /D UNICODE /D WIN32 /D WIN64 /D QT_DLL /D QT_CORE_LIB /D QT_GUI_LIB /D QT_WIDGETS_LIB /Gm- /EHsc /MDd /GS /fp:precise /Zc:wchar_t /Zc:forScope /Fo"Debug\\" /Fd"Debug\vc120.pdb" /Gd /TP /analyze- /errorReport:prompt main.cpp preparefordictionary.cpp
         main.cpp
         preparefordictionary.cpp
         正在生成代码...
       Link:
         D:\software\visual studio\download\install\VC\bin\link.exe /ERRORREPORT:PROMPT /OUT:"C:\Users\30885\documents\visual studio 2013\Projects\PrepareForDictionary\Win32\Debug\\PrepareForDictionary.exe" /NOLOGO /LIBPATH:D:\software\my_qt\anzhuang\5.5\msvc2013\lib qtmaind.lib Qt5Cored.lib Qt5Guid.lib Qt5Widgetsd.lib kernel32.lib user32.lib gdi32.lib winspool.lib comdlg32.lib advapi32.lib shell32.lib ole32.lib oleaut32.lib uuid.lib odbc32.lib odbccp32.lib /MANIFEST /MANIFESTUAC:"level='asInvoker' uiAccess='false'" /manifest:embed /DEBUG /PDB:"C:\Users\30885\documents\visual studio 2013\Projects\PrepareForDictionary\Win32\Debug\PrepareForDictionary.pdb" /SUBSYSTEM:WINDOWS /TLBID:1 /DYNAMICBASE /NXCOMPAT /IMPLIB:"C:\Users\30885\documents\visual studio 2013\Projects\PrepareForDictionary\Win32\Debug\PrepareForDictionary.lib" /MACHINE:X86 /SAFESEH Debug\moc_onewindow.obj
         Debug\moc_preparefordictionary.obj
         Debug\qrc_preparefordictionary.obj
         Debug\main.obj
         Debug\onewindow.obj
         Debug\preparefordictionary.obj
         PrepareForDictionary.vcxproj -> C:\Users\30885\documents\visual studio 2013\Projects\PrepareForDictionary\Win32\Debug\PrepareForDictionary.exe
     1>已完成生成项目“C:\Users\30885\documents\visual studio 2013\Projects\PrepareForDictionary\PrepareForDictionary\PrepareForDictionary.vcxproj”(Build 个目标)的操作。

生成成功。

已用时间 00:00:02.41
